<?xml version="1.0" encoding="UTF-8"?>
<coverage generated="1736969048852" clover="3.2.0">
  <project timestamp="1736969048852" name="All files">
    <metrics statements="28" coveredstatements="26" conditionals="8" coveredconditionals="6" methods="17" coveredmethods="15" elements="53" coveredelements="47" complexity="0" loc="28" ncloc="28" packages="2" files="3" classes="3"/>
    <package name="calculator">
      <metrics statements="5" coveredstatements="5" conditionals="2" coveredconditionals="2" methods="2" coveredmethods="2"/>
      <file name="calculator.js" path="C:\Users\Diego Yair Tineo\Documents\Amalia\DIA 32\AD-20-1 Assessment-Individual-1.0-20250115T171909Z-001\AD-20-1 Assessment-Individual-1.0\ad-l11-1.0\js\calculator\calculator.js">
        <metrics statements="5" coveredstatements="5" conditionals="2" coveredconditionals="2" methods="2" coveredmethods="2"/>
        <line num="2" count="2" type="cond" truecount="2" falsecount="0"/>
        <line num="3" count="1" type="stmt"/>
        <line num="6" count="1" type="stmt"/>
        <line num="11" count="2" type="stmt"/>
        <line num="14" count="1" type="stmt"/>
      </file>
    </package>
    <package name="user">
      <metrics statements="23" coveredstatements="21" conditionals="6" coveredconditionals="4" methods="15" coveredmethods="13"/>
      <file name="user-controller.js" path="C:\Users\Diego Yair Tineo\Documents\Amalia\DIA 32\AD-20-1 Assessment-Individual-1.0-20250115T171909Z-001\AD-20-1 Assessment-Individual-1.0\ad-l11-1.0\js\user\user-controller.js">
        <metrics statements="10" coveredstatements="9" conditionals="2" coveredconditionals="1" methods="5" coveredmethods="4"/>
        <line num="2" count="1" type="stmt"/>
        <line num="6" count="2" type="stmt"/>
        <line num="11" count="2" type="stmt"/>
        <line num="12" count="2" type="stmt"/>
        <line num="16" count="1" type="stmt"/>
        <line num="17" count="1" type="cond" truecount="1" falsecount="1"/>
        <line num="18" count="1" type="stmt"/>
        <line num="23" count="2" type="stmt"/>
        <line num="27" count="0" type="stmt"/>
        <line num="31" count="1" type="stmt"/>
      </file>
      <file name="user.js" path="C:\Users\Diego Yair Tineo\Documents\Amalia\DIA 32\AD-20-1 Assessment-Individual-1.0-20250115T171909Z-001\AD-20-1 Assessment-Individual-1.0\ad-l11-1.0\js\user\user.js">
        <metrics statements="13" coveredstatements="12" conditionals="4" coveredconditionals="3" methods="10" coveredmethods="9"/>
        <line num="5" count="14" type="stmt"/>
        <line num="6" count="14" type="stmt"/>
        <line num="12" count="8" type="stmt"/>
        <line num="16" count="5" type="cond" truecount="1" falsecount="1"/>
        <line num="17" count="5" type="stmt"/>
        <line num="19" count="0" type="stmt"/>
        <line num="24" count="2" type="stmt"/>
        <line num="25" count="2" type="cond" truecount="2" falsecount="0"/>
        <line num="26" count="1" type="stmt"/>
        <line num="28" count="1" type="stmt"/>
        <line num="33" count="5" type="stmt"/>
        <line num="37" count="2" type="stmt"/>
        <line num="40" count="1" type="stmt"/>
      </file>
    </package>
  </project>
</coverage>
