{"C:\\Users\\Diego Yair Tineo\\Documents\\Amalia\\DIA 32\\AD-20-1 Assessment-Individual-1.0-20250115T171909Z-001\\AD-20-1 Assessment-Individual-1.0\\ad-l11-1.0\\js\\calculator\\calculator.js": {"path":"C:\\Users\\Diego Yair Tineo\\Documents\\Amalia\\DIA 32\\AD-20-1 Assessment-Individual-1.0-20250115T171909Z-001\\AD-20-1 Assessment-Individual-1.0\\ad-l11-1.0\\js\\calculator\\calculator.js","statementMap":{"0":{"start":{"line":2,"column":4},"end":{"line":7,"column":5}},"1":{"start":{"line":3,"column":6},"end":{"line":3,"column":54}},"2":{"start":{"line":6,"column":8},"end":{"line":6,"column":18}},"3":{"start":{"line":11,"column":4},"end":{"line":11,"column":17}},"4":{"start":{"line":14,"column":2},"end":{"line":14,"column":40}}},"fnMap":{"0":{"name":"divide","decl":{"start":{"line":1,"column":9},"end":{"line":1,"column":15}},"loc":{"start":{"line":1,"column":22},"end":{"line":8,"column":3}},"line":1},"1":{"name":"multiply","decl":{"start":{"line":10,"column":11},"end":{"line":10,"column":19}},"loc":{"start":{"line":10,"column":26},"end":{"line":12,"column":3}},"line":10}},"branchMap":{"0":{"loc":{"start":{"line":2,"column":4},"end":{"line":7,"column":5}},"type":"if","locations":[{"start":{"line":2,"column":4},"end":{"line":7,"column":5}},{"start":{"line":5,"column":8},"end":{"line":7,"column":5}}],"line":2}},"s":{"0":2,"1":1,"2":1,"3":2,"4":1},"f":{"0":2,"1":2},"b":{"0":[1,1]},"_coverageSchema":"1a1c01bbd47fc00a2c39e90264f33305004495a9","hash":"d3229879f3e4b4299af6d234f2f35114a8457942"}
,"C:\\Users\\Diego Yair Tineo\\Documents\\Amalia\\DIA 32\\AD-20-1 Assessment-Individual-1.0-20250115T171909Z-001\\AD-20-1 Assessment-Individual-1.0\\ad-l11-1.0\\js\\user\\user-controller.js": {"path":"C:\\Users\\Diego Yair Tineo\\Documents\\Amalia\\DIA 32\\AD-20-1 Assessment-Individual-1.0-20250115T171909Z-001\\AD-20-1 Assessment-Individual-1.0\\ad-l11-1.0\\js\\user\\user-controller.js","statementMap":{"0":{"start":{"line":2,"column":27},"end":{"line":2,"column":44}},"1":{"start":{"line":6,"column":4},"end":{"line":6,"column":35}},"2":{"start":{"line":11,"column":17},"end":{"line":11,"column":36}},"3":{"start":{"line":12,"column":4},"end":{"line":12,"column":28}},"4":{"start":{"line":16,"column":17},"end":{"line":16,"column":49}},"5":{"start":{"line":17,"column":4},"end":{"line":19,"column":5}},"6":{"start":{"line":18,"column":6},"end":{"line":18,"column":33}},"7":{"start":{"line":23,"column":4},"end":{"line":23,"column":44}},"8":{"start":{"line":27,"column":4},"end":{"line":27,"column":38}},"9":{"start":{"line":31,"column":0},"end":{"line":31,"column":32}}},"fnMap":{"0":{"name":"(anonymous_0)","decl":{"start":{"line":5,"column":2},"end":{"line":5,"column":3}},"loc":{"start":{"line":5,"column":16},"end":{"line":7,"column":3}},"line":5},"1":{"name":"(anonymous_1)","decl":{"start":{"line":10,"column":2},"end":{"line":10,"column":3}},"loc":{"start":{"line":10,"column":21},"end":{"line":13,"column":3}},"line":10},"2":{"name":"(anonymous_2)","decl":{"start":{"line":15,"column":2},"end":{"line":15,"column":3}},"loc":{"start":{"line":15,"column":20},"end":{"line":20,"column":3}},"line":15},"3":{"name":"(anonymous_3)","decl":{"start":{"line":22,"column":2},"end":{"line":22,"column":3}},"loc":{"start":{"line":22,"column":24},"end":{"line":24,"column":3}},"line":22},"4":{"name":"(anonymous_4)","decl":{"start":{"line":26,"column":2},"end":{"line":26,"column":3}},"loc":{"start":{"line":26,"column":18},"end":{"line":28,"column":3}},"line":26}},"branchMap":{"0":{"loc":{"start":{"line":17,"column":4},"end":{"line":19,"column":5}},"type":"if","locations":[{"start":{"line":17,"column":4},"end":{"line":19,"column":5}},{"start":{},"end":{}}],"line":17}},"s":{"0":1,"1":2,"2":2,"3":2,"4":1,"5":1,"6":1,"7":2,"8":0,"9":1},"f":{"0":2,"1":2,"2":1,"3":2,"4":0},"b":{"0":[1,0]},"_coverageSchema":"1a1c01bbd47fc00a2c39e90264f33305004495a9","hash":"65535112f428fec26b13210496e6361d8174b14c"}
,"C:\\Users\\Diego Yair Tineo\\Documents\\Amalia\\DIA 32\\AD-20-1 Assessment-Individual-1.0-20250115T171909Z-001\\AD-20-1 Assessment-Individual-1.0\\ad-l11-1.0\\js\\user\\user.js": {"path":"C:\\Users\\Diego Yair Tineo\\Documents\\Amalia\\DIA 32\\AD-20-1 Assessment-Individual-1.0-20250115T171909Z-001\\AD-20-1 Assessment-Individual-1.0\\ad-l11-1.0\\js\\user\\user.js","statementMap":{"0":{"start":{"line":5,"column":6},"end":{"line":5,"column":19}},"1":{"start":{"line":6,"column":6},"end":{"line":6,"column":25}},"2":{"start":{"line":12,"column":8},"end":{"line":12,"column":24}},"3":{"start":{"line":16,"column":8},"end":{"line":20,"column":9}},"4":{"start":{"line":16,"column":34},"end":{"line":16,"column":56}},"5":{"start":{"line":17,"column":8},"end":{"line":17,"column":30}},"6":{"start":{"line":19,"column":8},"end":{"line":19,"column":48}},"7":{"start":{"line":24,"column":22},"end":{"line":24,"column":71}},"8":{"start":{"line":24,"column":48},"end":{"line":24,"column":70}},"9":{"start":{"line":25,"column":8},"end":{"line":29,"column":9}},"10":{"start":{"line":26,"column":8},"end":{"line":26,"column":36}},"11":{"start":{"line":28,"column":8},"end":{"line":28,"column":49}},"12":{"start":{"line":33,"column":8},"end":{"line":33,"column":61}},"13":{"start":{"line":33,"column":39},"end":{"line":33,"column":59}},"14":{"start":{"line":37,"column":8},"end":{"line":37,"column":55}},"15":{"start":{"line":37,"column":39},"end":{"line":37,"column":53}},"16":{"start":{"line":40,"column":2},"end":{"line":40,"column":38}}},"fnMap":{"0":{"name":"(anonymous_0)","decl":{"start":{"line":4,"column":4},"end":{"line":4,"column":5}},"loc":{"start":{"line":4,"column":27},"end":{"line":7,"column":5}},"line":4},"1":{"name":"(anonymous_1)","decl":{"start":{"line":11,"column":4},"end":{"line":11,"column":5}},"loc":{"start":{"line":11,"column":18},"end":{"line":13,"column":5}},"line":11},"2":{"name":"(anonymous_2)","decl":{"start":{"line":15,"column":4},"end":{"line":15,"column":5}},"loc":{"start":{"line":15,"column":14},"end":{"line":21,"column":5}},"line":15},"3":{"name":"(anonymous_3)","decl":{"start":{"line":16,"column":29},"end":{"line":16,"column":30}},"loc":{"start":{"line":16,"column":34},"end":{"line":16,"column":56}},"line":16},"4":{"name":"(anonymous_4)","decl":{"start":{"line":23,"column":4},"end":{"line":23,"column":5}},"loc":{"start":{"line":23,"column":17},"end":{"line":30,"column":5}},"line":23},"5":{"name":"(anonymous_5)","decl":{"start":{"line":24,"column":43},"end":{"line":24,"column":44}},"loc":{"start":{"line":24,"column":48},"end":{"line":24,"column":70}},"line":24},"6":{"name":"(anonymous_6)","decl":{"start":{"line":32,"column":4},"end":{"line":32,"column":5}},"loc":{"start":{"line":32,"column":23},"end":{"line":34,"column":5}},"line":32},"7":{"name":"(anonymous_7)","decl":{"start":{"line":33,"column":31},"end":{"line":33,"column":32}},"loc":{"start":{"line":33,"column":39},"end":{"line":33,"column":59}},"line":33},"8":{"name":"(anonymous_8)","decl":{"start":{"line":36,"column":4},"end":{"line":36,"column":5}},"loc":{"start":{"line":36,"column":17},"end":{"line":38,"column":5}},"line":36},"9":{"name":"(anonymous_9)","decl":{"start":{"line":37,"column":31},"end":{"line":37,"column":32}},"loc":{"start":{"line":37,"column":39},"end":{"line":37,"column":53}},"line":37}},"branchMap":{"0":{"loc":{"start":{"line":16,"column":8},"end":{"line":20,"column":9}},"type":"if","locations":[{"start":{"line":16,"column":8},"end":{"line":20,"column":9}},{"start":{"line":18,"column":15},"end":{"line":20,"column":9}}],"line":16},"1":{"loc":{"start":{"line":25,"column":8},"end":{"line":29,"column":9}},"type":"if","locations":[{"start":{"line":25,"column":8},"end":{"line":29,"column":9}},{"start":{"line":27,"column":15},"end":{"line":29,"column":9}}],"line":25}},"s":{"0":14,"1":14,"2":8,"3":5,"4":0,"5":5,"6":0,"7":2,"8":1,"9":2,"10":1,"11":1,"12":5,"13":3,"14":2,"15":1,"16":1},"f":{"0":14,"1":8,"2":5,"3":0,"4":2,"5":1,"6":5,"7":3,"8":2,"9":1},"b":{"0":[5,0],"1":[1,1]},"_coverageSchema":"1a1c01bbd47fc00a2c39e90264f33305004495a9","hash":"a5735b29b618e2e269ba622a03548bd9a500b2ee"}
}
