TN:
SF:js\calculator\calculator.js
FN:1,divide
FN:10,multiply
FNF:2
FNH:2
FNDA:2,divide
FNDA:2,multiply
DA:2,2
DA:3,1
DA:6,1
DA:11,2
DA:14,1
LF:5
LH:5
BRDA:2,0,0,1
BRDA:2,0,1,1
BRF:2
BRH:2
end_of_record
TN:
SF:js\user\user-controller.js
FN:5,(anonymous_0)
FN:10,(anonymous_1)
FN:15,(anonymous_2)
FN:22,(anonymous_3)
FN:26,(anonymous_4)
FNF:5
FNH:4
FNDA:2,(anonymous_0)
FNDA:2,(anonymous_1)
FNDA:1,(anonymous_2)
FNDA:2,(anonymous_3)
FNDA:0,(anonymous_4)
DA:2,1
DA:6,2
DA:11,2
DA:12,2
DA:16,1
DA:17,1
DA:18,1
DA:23,2
DA:27,0
DA:31,1
LF:10
LH:9
BRDA:17,0,0,1
BRDA:17,0,1,0
BRF:2
BRH:1
end_of_record
TN:
SF:js\user\user.js
FN:4,(anonymous_0)
FN:11,(anonymous_1)
FN:15,(anonymous_2)
FN:16,(anonymous_3)
FN:23,(anonymous_4)
FN:24,(anonymous_5)
FN:32,(anonymous_6)
FN:33,(anonymous_7)
FN:36,(anonymous_8)
FN:37,(anonymous_9)
FNF:10
FNH:9
FNDA:14,(anonymous_0)
FNDA:8,(anonymous_1)
FNDA:5,(anonymous_2)
FNDA:0,(anonymous_3)
FNDA:2,(anonymous_4)
FNDA:1,(anonymous_5)
FNDA:5,(anonymous_6)
FNDA:3,(anonymous_7)
FNDA:2,(anonymous_8)
FNDA:1,(anonymous_9)
DA:5,14
DA:6,14
DA:12,8
DA:16,5
DA:17,5
DA:19,0
DA:24,2
DA:25,2
DA:26,1
DA:28,1
DA:33,5
DA:37,2
DA:40,1
LF:13
LH:12
BRDA:16,0,0,5
BRDA:16,0,1,0
BRDA:25,1,0,1
BRDA:25,1,1,1
BRF:4
BRH:3
end_of_record
